Removed Pin From Net: NetName=NetD1_2 Pin=R2-1
Removed Pin From Net: NetName=+5 V Pin=R2-2
Removed Pin From Net: NetName=NetD2_2 Pin=R3-1
Removed Pin From Net: NetName=+5 V Pin=R3-2
Removed Pin From Net: NetName=NetD3_2 Pin=R4-1
Removed Pin From Net: NetName=+5 V Pin=R4-2
Removed Pin From Net: NetName=NetC1_2 Pin=U1-1
Removed Pin From Net: NetName=NetJ1_4 Pin=U1-4
Removed Pin From Net: NetName=+5 V Pin=U1-7
Removed Pin From Net: NetName=GND Pin=U1-8
Removed Pin From Net: NetName=NetC6_2 Pin=U1-9
Removed Pin From Net: NetName=NetC7_1 Pin=U1-10
Removed Pin From Net: NetName=NetC3_1 Pin=U1-20
Removed Pin From Net: NetName=NetC5_1 Pin=U1-21
Removed Pin From Net: NetName=GND Pin=U1-22
Removed Pin From Net: NetName=NetJ1_2 Pin=U1-27
Removed Pin From Net: NetName=NetJ1_3 Pin=U1-28
Change Component Footprint: Designator=C11 Old Footprint=WCAP-HTG5_D6.3H8 New Footprint=WCAP-HTG5_D6.3H8
Change Component Footprint: Designator=C12 Old Footprint=WCAP-HTG5_D6.3H8 New Footprint=WCAP-HTG5_D6.3H8
Added Component: Designator=R2(FP-CHP1206A-MFG)
Add component (AddParameter): Name = "Value"; Value = "1 K"; VariantName = "[No Variations]"
Added Component: Designator=R3(FP-CHP1206A-MFG)
Add component (AddParameter): Name = "Value"; Value = "1 K"; VariantName = "[No Variations]"
Added Component: Designator=R4(FP-CHP1206A-MFG)
Add component (AddParameter): Name = "Value"; Value = "1 K"; VariantName = "[No Variations]"
Added Component: Designator=U1(32A_M)
Add component (AddParameter): Name = "Code_JEDEC"; Value = "MS-026-ABA"; VariantName = "[No Variations]"
Add component (AddParameter): Name = "ComponentLink1Description"; Value = "Manufacturer URL"; VariantName = "[No Variations]"
Add component (AddParameter): Name = "ComponentLink1URL"; Value = "http://www.atmel.com/"; VariantName = "[No Variations]"
Add component (AddParameter): Name = "ComponentLink2Description"; Value = "ATmega48A/48PA/88A/88PA/168A/168PA/328/328P Datasheet"; VariantName = "[No Variations]"
Add component (AddParameter): Name = "ComponentLink2URL"; Value = "http://www.atmel.com/dyn/resources/prod_documents/doc8271.pdf"; VariantName = "[No Variations]"
Add component (AddParameter): Name = "ComponentLink3Description"; Value = "ATmega48A/48PA/88A/88PA/168A/168PA/328/328P Summary"; VariantName = "[No Variations]"
Add component (AddParameter): Name = "ComponentLink3URL"; Value = "http://www.atmel.com/dyn/resources/prod_documents/8271S.pdf"; VariantName = "[No Variations]"
Add component (AddParameter): Name = "DatasheetVersion"; Value = "revD, May-2011"; VariantName = "[No Variations]"
Add component (AddParameter): Name = "PackageDescription"; Value = "32-Lead, 7x7x1.0 mm Body, 0.8mm Lead Pitch, Thin Profile Plastic Quad Flat Package (TQFP)"; VariantName = "[No Variations]"
Add component (AddParameter): Name = "PackageReference"; Value = "32A"; VariantName = "[No Variations]"
Add component (AddParameter): Name = "PackageVersion"; Value = "revC, Oct-2010"; VariantName = "[No Variations]"
Add component (AddParameter): Name = "RevisionNote"; Value = "DatasheetVersion & PackageVersion updated. URLs added."; VariantName = "[No Variations]"
Added Pin To Net: NetName=NetD1_2 Pin=R2-1
Added Pin To Net: NetName=+5 V Pin=R2-2
Added Pin To Net: NetName=NetD2_2 Pin=R3-1
Added Pin To Net: NetName=+5 V Pin=R3-2
Added Pin To Net: NetName=NetD3_2 Pin=R4-1
Added Pin To Net: NetName=+5 V Pin=R4-2
Added Pin To Net: NetName=GND Pin=U1-3
Added Pin To Net: NetName=+5 V Pin=U1-4
Added Pin To Net: NetName=GND Pin=U1-5
Added Pin To Net: NetName=+5 V Pin=U1-6
Added Pin To Net: NetName=NetC6_2 Pin=U1-7
Added Pin To Net: NetName=NetC7_1 Pin=U1-8
Added Pin To Net: NetName=NetC3_1 Pin=U1-18
Added Pin To Net: NetName=NetC5_1 Pin=U1-20
Added Pin To Net: NetName=GND Pin=U1-21
Added Pin To Net: NetName=NetJ1_2 Pin=U1-27
Added Pin To Net: NetName=NetJ1_3 Pin=U1-28
Added Pin To Net: NetName=NetC1_2 Pin=U1-29
Added Pin To Net: NetName=NetJ1_4 Pin=U1-32
Added Pin To Net: NetName=NetU1_30 Pin=U1-30
Added Pin To Net: NetName=NetU1_30 Pin=U2-1
Added Net: Name=NetU1_30
Added Pin To Net: NetName=NetU1_31 Pin=U1-31
Added Pin To Net: NetName=NetU1_31 Pin=U2-5
Added Net: Name=NetU1_31
Added Member To Class: ClassName=MCU Member=Component C6 GRM31A7U3D220JW31D
Added Member To Class: ClassName=POWER SUPPLY Member=Component C11 870575873001
Added Member To Class: ClassName=POWER SUPPLY Member=Component C12 870575873001
Added Member To Class: ClassName=USB PORT Member=Component D1 HSMG-C150
Added Member To Class: ClassName=SENSOR INPUTS Member=Component J1 B5B-XH-AM(LF)(SN)
Added Member To Class: ClassName=USB PORT Member=Component J2 61400413321
Added Member To Class: ClassName=USB PORT Member=Component R2 CHP1206AFX-1001ELF
Added Member To Class: ClassName=MCU Member=Component U1 ATmega328P-AU
